12/Dec/2023 15:10:34  Build version: 2023.0 Release from 2022-09-12 (change 1015769)

12/Dec/2023 15:10:34  Starting adaptive port meshing.
                      
                      ------------------------------------------------------------------------------
12/Dec/2023 15:10:34  Mode calculation for port 1:
                      
                      ------------------------------------------------------------------------------

                      ------------------------------------------------------------------------------

                      ------------------------------------------------------------------------------
12/Dec/2023 15:10:39  Using Generalized port mode solver.
                      
                      ------------------------------------------------------------------------------
12/Dec/2023 15:10:40    -------------------------------- F-Calc 80 ---------------------------------
                        Port   Mode   Type        Z-Wave        Z-Wave-Sigma  Z-Line        F-Cutoff
                        1      1      HYBRID      236           1.09e-006     ---           ---
                        1      2      HYBRID      236           1.37e-006     ---           ---
                        ----------------------------------------------------------------------------
                      
12/Dec/2023 15:10:40  Pass 1 successfully completed. 
12/Dec/2023 15:10:40  Mode calculation for port 2:
                      
                      ------------------------------------------------------------------------------

                      ------------------------------------------------------------------------------

                      ------------------------------------------------------------------------------
12/Dec/2023 15:10:44  Using Generalized port mode solver.
                      
                      ------------------------------------------------------------------------------
12/Dec/2023 15:10:46    -------------------------------- F-Calc 80 ---------------------------------
                        Port   Mode   Type        Z-Wave        Z-Wave-Sigma  Z-Line        F-Cutoff
                        2      1      HYBRID      236           1.09e-006     ---           ---
                        2      2      HYBRID      236           1.37e-006     ---           ---
                        ----------------------------------------------------------------------------
                      
12/Dec/2023 15:10:46  Pass 1 successfully completed. 
12/Dec/2023 15:10:46  Adaptive port meshing finished. 
                      
                      ------------------------------------------------------------------------------
12/Dec/2023 15:10:46  *** Warning ***
                      
                      This software is licensed for educational purposes only.
                      
                      ------------------------------------------------------------------------------
12/Dec/2023 15:10:47  
                      Solver started at: 03:10 PM Tuesday, 12. December 2023 (Mitteleuropäische Zeit)
                      
                        Module:  Time Domain: S-Parameter (Win 64)
                        Version: 2023.0 Release from 2022-09-12 (change 1015769)
                      

                      ------------------------------------------------------------------------------

                      ------------------------------------------------------------------------------
12/Dec/2023 15:10:47  ======================================================================
                       Solver cycle: 1
                      ======================================================================
                      
                      Stimulation at port 1 (mode 1) 
                      
                      
                      
                      ------------------------------------------------------------------------------
12/Dec/2023 15:10:47  Units settings: 
                      
                        Dimensions: mm
                        Frequency:  GHz
                        Time:       ns
                      
                      ------------------------------------------------------------------------------
12/Dec/2023 15:10:47  The dispersive material update [Automatic] will be performed using the "Standard" update schema
                      
                      ------------------------------------------------------------------------------
12/Dec/2023 15:11:43  Mesh statistics:
                      
                         Hexahedral mesh type: Perfect Boundary Approximation (PBA)
                            Version: default
                      
                         Parallelization type: domain decomposition
                            Number of parallel working threads: 6
                            Number of calculation domains used: 16
                      
                         Used point accuracy enhancement value: 75.00%.
                         Acceleration mode: CPU
                         Used point accuracy enhancement value: 0.00%.
                         PBA fill limit: 85.00% (inverse)

12/Dec/2023 15:11:50  Using Generalized port mode solver.
                      
                      ------------------------------------------------------------------------------
12/Dec/2023 15:11:51  Boundary conditions: 
                      
                        YZsymmetry: none
                        XZsymmetry: none
                        XYsymmetry: none
                      
                        Xmin: expanded open, 4 Layer, depth 0.749481 mm
                        Xmax: expanded open, 4 Layer, depth 0.749481 mm
                      
                        Ymin: expanded open, 4 Layer, depth 0.749481 mm
                        Ymax: expanded open, 4 Layer, depth 0.749481 mm
                      
                        Zmin: expanded open, 4 Layer, depth 0.757836 mm
                        Zmax: expanded open, 4 Layer, depth 0.757836 mm
                      
                        PML-Type: Convolution PML
                      
                      ------------------------------------------------------------------------------
12/Dec/2023 15:11:51  Frequency settings: 
                      
                        Fmin:         70
                        Fmax:         90
                        Nfsteps(lin): 1001
                      
                      ------------------------------------------------------------------------------
12/Dec/2023 15:11:51  Field update statistics:
                      
                        Number of components in total: 	20214178
                        Number of TST and special elements:	14632
                      
                      Subcycling state:      			Automatically deactivated
                      
                      ------------------------------------------------------------------------------
12/Dec/2023 15:11:51  Waveguide boundaries:
                      
12/Dec/2023 15:11:51  Port: 1
                      
12/Dec/2023 15:11:52    -------------------------------- F-Calc 80 ---------------------------------
                        Port   Mode   Type        Z-Wave        Z-Wave-Sigma  Z-Line        F-Cutoff
                        1      1      HYBRID      236           1.09e-006     ---           ---
                        1      2      HYBRID      236           1.37e-006     ---           ---
                        ----------------------------------------------------------------------------
                      
12/Dec/2023 15:11:53  Port: 2
                      
12/Dec/2023 15:11:54    -------------------------------- F-Calc 80 ---------------------------------
                        Port   Mode   Type        Z-Wave        Z-Wave-Sigma  Z-Line        F-Cutoff
                        2      1      HYBRID      236           2.51e-007     ---           ---
                        2      2      HYBRID      236           5.02e-007     ---           ---
                        ----------------------------------------------------------------------------
                      
12/Dec/2023 15:11:54  *** Warning ***
                      
12/Dec/2023 15:11:54  The first mode at inhomogeneous port 1 is hybrid. This could lead to an inaccurate energy balance. Please check your 
                      structure. More...
                      
                      ------------------------------------------------------------------------------
12/Dec/2023 15:11:54  *** Warning ***
                      
12/Dec/2023 15:11:54  The first mode at inhomogeneous port 2 is hybrid. This could lead to an inaccurate energy balance. Please check your 
                      structure. More...
                      
                      ------------------------------------------------------------------------------
12/Dec/2023 15:11:54    Using first order filter.
                      
                      ------------------------------------------------------------------------------
12/Dec/2023 15:11:54    Using first order filter.
                      
                      ------------------------------------------------------------------------------
12/Dec/2023 15:11:54    Using first order filter.
                      
                      ------------------------------------------------------------------------------
12/Dec/2023 15:11:54    Using first order filter.
                      
                      ------------------------------------------------------------------------------
12/Dec/2023 15:11:54  Using standard absorber for unconsidered modes at port 1.
                      
                      ------------------------------------------------------------------------------
12/Dec/2023 15:11:54    Using first order filter.
                      
                      ------------------------------------------------------------------------------
12/Dec/2023 15:11:54    Using first order filter.
                      
                      ------------------------------------------------------------------------------
12/Dec/2023 15:11:54    Using first order filter.
                      
                      ------------------------------------------------------------------------------
12/Dec/2023 15:11:54    Using first order filter.
                      
                      ------------------------------------------------------------------------------
12/Dec/2023 15:11:55  Using standard absorber for unconsidered modes at port 2.
                      
                      ------------------------------------------------------------------------------
12/Dec/2023 15:15:30  
                      --------------------------------------------------------------------------------
12/Dec/2023 15:15:30  Steady state energy criterion met, solver finished successfully.
                      
                      ------------------------------------------------------------------------------
12/Dec/2023 15:15:30  Frequency domain results normalized to default signal.
                      
                      
                      ------------------------------------------------------------------------------
12/Dec/2023 15:15:30  
                        ----------------------------------------------------------------------------
                                            Peak memory used (kB)         Free physical memory (kB) 
                                                                          At begin     Minimum      
                        ----------------------------------------------------------------------------
                        CAD preparation     15048                         9717080      9717080      
                        Matrices calc.      611718                        9706054      9061523      
                        Solver run total    1048104                       9756712      8606040      
                        ----------------------------------------------------------------------------
                      
                      --------------------------------------------------------------------------------
                      Solver Statistics:
                      
                        Hardware:
                           Computer name:                 	DESKTOP-28N8BSV 
                      
                           Number of CPU threads:               4
                           Hardware info:                  	Hardware Accelerator Device not activated
                      
                        Number of mesh cells:             	3318417
                        Excitation duration:              	3.55454875e-001 ns 
                        Calculation time for excitation:  	0 	s
                        Number of calculated pulse widths:	3.60221 
                        Steady state accuracy limit:      	-40	dB 
                        Simulated number of time steps:   	4511 
                        Maximum number of time steps:     	25045 
                        Time step width:
                           without subcycles:             	2.838443139e-004 ns
                           used:                          	2.838443139e-004 ns
                      
                        CAD preparation time:             	0      	s
                        Matrix calculation time:          	57 	s
                        Solver setup time:                	11 	s
                        Solver loop time:                 	213 	s
                        Solver post-processing time:      	0 	s
                                                          	------------
                        Total solver time:                	281 	s  ( = 0 h, 4 m, 41 s )
                      
                      ------------------------------------------------------------------------------
12/Dec/2023 15:15:30  
                        Adaptive port meshing time:          	13     	s
                        Total solver time (all cycles):      	281    	s  ( = 0 h, 4 m, 41 s )
                        Solver initialization and clean-up:  	2      	s
                                                             	------------
                        Total simulation time:               	296    	s  ( = 0 h, 4 m, 56 s )
                      
                      ------------------------------------------------------------------------------
12/Dec/2023 15:15:30  Solver finished at: 03:15 PM Tuesday, 12. December 2023
                      
                      
                      
                      ------------------------------------------------------------------------------
12/Dec/2023 15:15:31  Creating parametric 1D results for Run ID 1
                      
                      ------------------------------------------------------------------------------
