======================================================
 - pinning rule in use   : PINNING_RULE_MCALC_SKIP_ALL
 - desired group         : 0, sockets = 0
 - num cores available   : 8
 - num accessible procs          : 8
 - num logical procs             : 8
 - affinity (main thread)        : 11111111
 - sockets                       : 0
 - potential cores               : 0,2,4,6
 - affinity                      : 10101010
 - core list                  (3): 0,2,4,6
 - active cores          : 0,2,4,6
 - hyperthreading        : on
 - allowed core ids      : 0,2,4,6
 - allowed core ids (aff): 1010 1010 
 - used mask (string)    : 1010 1010 
======================================================

============================================================================
Version: 2023.0 Release from 2022-09-12 (change 1015769) [Release]
Workflow: QQ-Facets
Operation: [acis, fpba, bg, connectivity-tree]
Architecture: Windows, ID: AMD64
System Windows-64bit
Using processor group 0/1
Matrix calculation information:
# of Nodes: 0
Concurrency: 0
Start ID: 0
Node ID: 0
HEX Mesh information:
Hex mesh: global: [hxr o(0 | 0 | 0) s(70 | 70 | 698) np (no TSTs): 3420200] 
============================================================================

>>>>>>>>>>>>>>>>>>>>>>>>>>>>>
2023 Dec 19 (Tue):  13:07:30
started: processing CAD model
>>>>>>>>>>>>>>>>>>>>>>>>>>>>>

========================================================================
Processing CAD model (for field results)
	[Improved internal geometry representation]
	[Accuracy improvement for long shapes in inhomogeneous mesh regions]
Version 2023.0 (build 20220912)
PBA version 2022091223
Sub-Workflow: Facets-QQ-GEX
Workflow updated: -
2023 Dec 19 (Tue):  13:07:30
========================================================================

===========================================
Finished CAD processing (for field results)
===========================================

<<<<<<<<<<<<<<<<<<<<<<<<<<<<<<<<<<<<<<<<<<
2023 Dec 19 (Tue):  13:07:31
Resource usage for processing CAD model:
	Runtime                 00:00:00.00449
	Peak Memory Usage:               20 MB
<<<<<<<<<<<<<<<<<<<<<<<<<<<<<<<<<<<<<<<<<<

------------------------------------------------------------------------------------------------------------------------------
PBAMeshFeedback - InfoMap: 0[ms] - SBCell navigation: Using legacy edges - CornerCorrectionLinesAndWires: 0[ms] - Write: 2[ms]
------------------------------------------------------------------------------------------------------------------------------

